mobileLearning_andro/app/build/outputs/logs/manifest-merger-debug-report.txt
-- Merging decision tree log ---
manifest
ADDED from src\main\AndroidManifest.xml:2:1-60:12
	package
		ADDED from src\main\AndroidManifest.xml:3:5-34
		INJECTED from src\main\AndroidManifest.xml
		INJECTED from src\main\AndroidManifest.xml
	android:versionName
		ADDED from src\main\AndroidManifest.xml:5:5-30
		INJECTED from src\main\AndroidManifest.xml
		INJECTED from src\main\AndroidManifest.xml
	android:versionCode
		ADDED from src\main\AndroidManifest.xml:4:5-28
		INJECTED from src\main\AndroidManifest.xml
		INJECTED from src\main\AndroidManifest.xml
	xmlns:android
		ADDED from src\main\AndroidManifest.xml:2:11-69
uses-sdk
ADDED from src\main\AndroidManifest.xml:7:5-43
	android:targetSdkVersion
		INJECTED from src\main\AndroidManifest.xml
		INJECTED from src\main\AndroidManifest.xml
	android:minSdkVersion
		ADDED from src\main\AndroidManifest.xml:7:15-40
		INJECTED from src\main\AndroidManifest.xml
		INJECTED from src\main\AndroidManifest.xml
uses-permission#android.permission.INTERNET
ADDED from src\main\AndroidManifest.xml:8:5-66
	android:name
		ADDED from src\main\AndroidManifest.xml:8:22-64
application
ADDED from src\main\AndroidManifest.xml:10:5-58:19
	android:label
		ADDED from src\main\AndroidManifest.xml:12:9-41
	android:debuggable
		ADDED from src\main\AndroidManifest.xml:12:42-68
	android:icon
		ADDED from src\main\AndroidManifest.xml:11:9-45
activity#com.mobile.learning.login
ADDED from src\main\AndroidManifest.xml:13:9-20:20
	android:label
		ADDED from src\main\AndroidManifest.xml:14:13-45
	android:name
		ADDED from src\main\AndroidManifest.xml:15:13-34
intent-filter#android.intent.action.MAIN+android.intent.category.LAUNCHER
ADDED from src\main\AndroidManifest.xml:16:13-19:29
action#android.intent.action.MAIN
ADDED from src\main\AndroidManifest.xml:17:17-69
	android:name
		ADDED from src\main\AndroidManifest.xml:17:25-66
category#android.intent.category.LAUNCHER
ADDED from src\main\AndroidManifest.xml:18:17-77
	android:name
		ADDED from src\main\AndroidManifest.xml:18:27-74
activity#com.mobile.learning.halamanUtama
ADDED from src\main\AndroidManifest.xml:22:9-59
	android:name
		ADDED from src\main\AndroidManifest.xml:22:19-47
activity#mobile.course.course
ADDED from src\main\AndroidManifest.xml:23:3-60
	android:name
		ADDED from src\main\AndroidManifest.xml:23:13-48
activity#mobile.course.courseBooks
ADDED from src\main\AndroidManifest.xml:24:3-35:14
	android:name
		ADDED from src\main\AndroidManifest.xml:24:13-53
intent-filter#android.intent.action.VIEW+android.intent.category.BROWSABLE+android.intent.category.DEFAULT
ADDED from src\main\AndroidManifest.xml:26:4-34:20
action#android.intent.action.VIEW
ADDED from src\main\AndroidManifest.xml:27:5-57
	android:name
		ADDED from src\main\AndroidManifest.xml:27:13-54
category#android.intent.category.DEFAULT
ADDED from src\main\AndroidManifest.xml:28:5-64
	android:name
		ADDED from src\main\AndroidManifest.xml:28:15-61
category#android.intent.category.BROWSABLE
ADDED from src\main\AndroidManifest.xml:29:5-66
	android:name
		ADDED from src\main\AndroidManifest.xml:29:15-63
data
ADDED from src\main\AndroidManifest.xml:32:5-33:30
	android:host
		ADDED from src\main\AndroidManifest.xml:32:11-45
	android:scheme
		ADDED from src\main\AndroidManifest.xml:33:6-27
	android:pathPrefix
		ADDED from src\main\AndroidManifest.xml:32:46-80
activity#mobile.course.courseBookChapters
ADDED from src\main\AndroidManifest.xml:36:3-72
	android:name
		ADDED from src\main\AndroidManifest.xml:36:13-60
activity#mobile.course.courseDetailJs
ADDED from src\main\AndroidManifest.xml:37:3-68
	android:name
		ADDED from src\main\AndroidManifest.xml:37:13-56
activity#mobile.berita.berita
ADDED from src\main\AndroidManifest.xml:38:3-60
	android:name
		ADDED from src\main\AndroidManifest.xml:38:13-48
activity#mobile.berita.beritaDetail
ADDED from src\main\AndroidManifest.xml:39:3-66
	android:name
		ADDED from src\main\AndroidManifest.xml:39:13-54
activity#mobile.download.download
ADDED from src\main\AndroidManifest.xml:40:3-64
	android:name
		ADDED from src\main\AndroidManifest.xml:40:13-52
activity#mobile.download.downDetail
ADDED from src\main\AndroidManifest.xml:41:3-66
	android:name
		ADDED from src\main\AndroidManifest.xml:41:13-54
activity#mobile.download.downText
ADDED from src\main\AndroidManifest.xml:42:3-64
	android:name
		ADDED from src\main\AndroidManifest.xml:42:13-52
activity#mobile.nilai.nilai
ADDED from src\main\AndroidManifest.xml:43:3-58
	android:name
		ADDED from src\main\AndroidManifest.xml:43:13-46
activity#mobile.nilai.nilaiDetail
ADDED from src\main\AndroidManifest.xml:44:3-64
	android:name
		ADDED from src\main\AndroidManifest.xml:44:13-52
activity#mobile.nilai.nilaiDetailJs
ADDED from src\main\AndroidManifest.xml:45:3-66
	android:name
		ADDED from src\main\AndroidManifest.xml:45:13-54
activity#mobile.upload.upload
ADDED from src\main\AndroidManifest.xml:46:3-60
	android:name
		ADDED from src\main\AndroidManifest.xml:46:13-48
activity#mobile.upload.uploadUpdate
ADDED from src\main\AndroidManifest.xml:47:3-66
	android:name
		ADDED from src\main\AndroidManifest.xml:47:13-54
activity#mobile.tugas.pilihTugas
ADDED from src\main\AndroidManifest.xml:48:3-63
	android:name
		ADDED from src\main\AndroidManifest.xml:48:13-51
activity#mobile.tugas.tugas
ADDED from src\main\AndroidManifest.xml:49:3-58
	android:name
		ADDED from src\main\AndroidManifest.xml:49:13-46
activity#mobile.tugas.tugasDetail
ADDED from src\main\AndroidManifest.xml:50:3-64
	android:name
		ADDED from src\main\AndroidManifest.xml:50:13-52
activity#mobile.tugas.tugasDetailJs
ADDED from src\main\AndroidManifest.xml:51:3-66
	android:name
		ADDED from src\main\AndroidManifest.xml:51:13-54
activity#mobile.tugas.tugasUp
ADDED from src\main\AndroidManifest.xml:52:3-60
	android:name
		ADDED from src\main\AndroidManifest.xml:52:13-48
activity#mobile.tugas.tugasDetailUp
ADDED from src\main\AndroidManifest.xml:53:3-66
	android:name
		ADDED from src\main\AndroidManifest.xml:53:13-54
activity#mobile.tugas.tugasDetailJsUp
ADDED from src\main\AndroidManifest.xml:54:3-68
	android:name
		ADDED from src\main\AndroidManifest.xml:54:13-56
activity#mobile.about.about
ADDED from src\main\AndroidManifest.xml:55:3-58
	android:name
		ADDED from src\main\AndroidManifest.xml:55:13-46